August 26, 2022 @ 12:19 pm|Group-3-1.png| 4465|URL is inaccessible from our server(s) due to access restrictions.;
August 26, 2022 @ 12:19 pm|inner-banner-1.png| 4445|URL is inaccessible from our server(s) due to access restrictions.;
August 26, 2022 @ 12:19 pm|web-hero-banner_header.png| 4443|URL is inaccessible from our server(s) due to access restrictions.;
August 26, 2022 @ 12:19 pm|web-hero-banner_new.png| 4441|URL is inaccessible from our server(s) due to access restrictions.;
August 26, 2022 @ 12:20 pm|m_icon.png| 4437|URL is inaccessible from our server(s) due to access restrictions.;
August 26, 2022 @ 12:20 pm|cropped-cropped-Galimidi-Law-1.png| 4435|URL is inaccessible from our server(s) due to access restrictions.;
August 26, 2022 @ 12:20 pm|cropped-cropped-Galimidi-Law-1-1.png| 4433|URL is inaccessible from our server(s) due to access restrictions.;
August 26, 2022 @ 12:20 pm|cropped-Galimidi-Law-1-1.png| 4432|URL is inaccessible from our server(s) due to access restrictions.;
August 26, 2022 @ 12:20 pm|Galimidi-Law-1-1.png| 4431|URL is inaccessible from our server(s) due to access restrictions.;
August 26, 2022 @ 12:20 pm|cropped-Galimidi-Law-G.png| 4426|URL is inaccessible from our server(s) due to access restrictions.;
August 26, 2022 @ 12:20 pm|Galimidi-Law-G.png| 4425|URL is inaccessible from our server(s) due to access restrictions.;
August 26, 2022 @ 12:20 pm|m-hero-banner.png| 4413|URL is inaccessible from our server(s) due to access restrictions.;
August 26, 2022 @ 12:20 pm|mobile-menu-icon.png| 4398|URL is inaccessible from our server(s) due to access restrictions.;
August 26, 2022 @ 12:20 pm|menu-icon.png| 4181|URL is inaccessible from our server(s) due to access restrictions.;
August 26, 2022 @ 12:21 pm|m-icon1.png| 4179|URL is inaccessible from our server(s) due to access restrictions.;
August 26, 2022 @ 12:21 pm|m-icon2.png| 4178|URL is inaccessible from our server(s) due to access restrictions.;
August 26, 2022 @ 12:21 pm|test-pat.png| 4175|URL is inaccessible from our server(s) due to access restrictions.;
August 26, 2022 @ 12:21 pm|Rectangle-12.png| 4172|URL is inaccessible from our server(s) due to access restrictions.;
August 26, 2022 @ 12:21 pm|about.png| 4155|URL is inaccessible from our server(s) due to access restrictions.;
August 26, 2022 @ 12:21 pm|inner-banner.png| 4117|URL is inaccessible from our server(s) due to access restrictions.;
August 26, 2022 @ 12:21 pm|Menu_icon.png| 4102|URL is inaccessible from our server(s) due to access restrictions.;
August 26, 2022 @ 12:21 pm|cropped-Galimidi-Law-1.png| 4091|URL is inaccessible from our server(s) due to access restrictions.;
August 26, 2022 @ 12:21 pm|Galimidi-Law-1.png| 4090|URL is inaccessible from our server(s) due to access restrictions.;
August 26, 2022 @ 12:21 pm|blog-1.png| 4074|URL is inaccessible from our server(s) due to access restrictions.;
August 26, 2022 @ 12:21 pm|testimonial-75x75-1.png| 4071|URL is inaccessible from our server(s) due to access restrictions.;
August 26, 2022 @ 12:21 pm|web-hero-banner.png| 4033|URL is inaccessible from our server(s) due to access restrictions.;
August 26, 2022 @ 12:22 pm|team-3.png| 4032|URL is inaccessible from our server(s) due to access restrictions.;
August 26, 2022 @ 12:22 pm|team-2.png| 4031|URL is inaccessible from our server(s) due to access restrictions.;
August 26, 2022 @ 12:22 pm|team-1.png| 4030|URL is inaccessible from our server(s) due to access restrictions.;
August 26, 2022 @ 12:22 pm|sect-3.png| 4029|URL is inaccessible from our server(s) due to access restrictions.;
August 26, 2022 @ 12:22 pm|sect-2.png| 4028|URL is inaccessible from our server(s) due to access restrictions.;
August 26, 2022 @ 12:22 pm|sect-1.png| 4027|URL is inaccessible from our server(s) due to access restrictions.;
August 26, 2022 @ 12:22 pm|pat-3.png| 4026|URL is inaccessible from our server(s) due to access restrictions.;
August 26, 2022 @ 12:22 pm|pat-2.png| 4025|URL is inaccessible from our server(s) due to access restrictions.;
August 26, 2022 @ 12:22 pm|pat-1.png| 4024|URL is inaccessible from our server(s) due to access restrictions.;
August 26, 2022 @ 12:22 pm|mob-banner.png| 4023|URL is inaccessible from our server(s) due to access restrictions.;
August 26, 2022 @ 12:22 pm|m-img-5.png| 4022|URL is inaccessible from our server(s) due to access restrictions.;
August 26, 2022 @ 12:23 pm|m-img-4.png| 4021|URL is inaccessible from our server(s) due to access restrictions.;
August 26, 2022 @ 12:23 pm|m-img-3.png| 4020|URL is inaccessible from our server(s) due to access restrictions.;
August 26, 2022 @ 12:23 pm|m-img-2.png| 4019|URL is inaccessible from our server(s) due to access restrictions.;
August 26, 2022 @ 12:23 pm|m-img-1.png| 4018|URL is inaccessible from our server(s) due to access restrictions.;
August 26, 2022 @ 12:23 pm|logo-4.png| 4016|URL is inaccessible from our server(s) due to access restrictions.;
August 26, 2022 @ 12:23 pm|logo-3.png| 4015|URL is inaccessible from our server(s) due to access restrictions.;
August 26, 2022 @ 12:23 pm|logo-2.png| 4014|URL is inaccessible from our server(s) due to access restrictions.;
August 26, 2022 @ 12:23 pm|logo-1.png| 4013|URL is inaccessible from our server(s) due to access restrictions.;
August 26, 2022 @ 12:23 pm|img-5.png| 4012|URL is inaccessible from our server(s) due to access restrictions.;
August 26, 2022 @ 12:23 pm|img-4.png| 4011|URL is inaccessible from our server(s) due to access restrictions.;
August 26, 2022 @ 12:23 pm|img-3.png| 4010|URL is inaccessible from our server(s) due to access restrictions.;
August 26, 2022 @ 12:24 pm|img-2.png| 4009|URL is inaccessible from our server(s) due to access restrictions.;
August 26, 2022 @ 12:24 pm|img-1.png| 4008|URL is inaccessible from our server(s) due to access restrictions.;
August 26, 2022 @ 12:24 pm|icon-6.png| 4007|URL is inaccessible from our server(s) due to access restrictions.;
August 26, 2022 @ 12:24 pm|icon-5.png| 4006|URL is inaccessible from our server(s) due to access restrictions.;
August 26, 2022 @ 12:24 pm|icon-4.png| 4005|URL is inaccessible from our server(s) due to access restrictions.;
August 26, 2022 @ 12:24 pm|icon-3.png| 4004|URL is inaccessible from our server(s) due to access restrictions.;
August 26, 2022 @ 12:24 pm|icon-2.png| 4003|URL is inaccessible from our server(s) due to access restrictions.;
August 26, 2022 @ 12:24 pm|icon-1.png| 4002|URL is inaccessible from our server(s) due to access restrictions.;
August 26, 2022 @ 12:24 pm|hero-pat.png| 4001|URL is inaccessible from our server(s) due to access restrictions.;
August 26, 2022 @ 12:24 pm|footer-logo.png| 4000|URL is inaccessible from our server(s) due to access restrictions.;
August 26, 2022 @ 12:25 pm|banner.png| 3999|URL is inaccessible from our server(s) due to access restrictions.;
August 26, 2022 @ 12:25 pm|arrow-right.png| 3998|URL is inaccessible from our server(s) due to access restrictions.;
August 26, 2022 @ 12:25 pm|arrow-left.png| 3997|URL is inaccessible from our server(s) due to access restrictions.;
